<?xml version="1.0" encoding="UTF-8"?>
<!-- Generated by org.testng.reporters.JUnitXMLReporter -->
<testsuite ignored="0" hostname="ISW-GMCC-AA1" failures="0" tests="9" name="Default test" time="144.564" errors="0" timestamp="2022-04-11T15:05:18 WAT">
  <testcase classname="test.SelectSamsungSecondHighestPricedItem" name="gotoTheHambugerPage" time="7.063"/>
  <testcase classname="test.SelectSamsungSecondHighestPricedItem" name="selectTvAndAppliances" time="3.224"/>
  <testcase classname="test.SelectSamsungSecondHighestPricedItem" name="selecttelevisonlink" time="28.779"/>
  <testcase classname="test.SelectSamsungSecondHighestPricedItem" name="verifybrand" time="4.133"/>
  <testcase classname="test.SelectSamsungSecondHighestPricedItem" name="clicksamsungcheckbox" time="7.716"/>
  <testcase classname="test.SelectSamsungSecondHighestPricedItem" name="sortbyHightoLow" time="8.814"/>
  <testcase classname="test.SelectSamsungSecondHighestPricedItem" name="selectSecondItem" time="3.494"/>
  <testcase classname="test.SelectSamsungSecondHighestPricedItem" name="switchwindow" time="14.422"/>
  <testcase classname="test.SelectSamsungSecondHighestPricedItem" name="selectedOption" time="6.33"/>
</testsuite> <!-- Default test -->
