<?xml version="1.0" encoding="UTF-8"?>
<!-- Generated by org.testng.reporters.JUnitXMLReporter -->
<testsuite ignored="0" hostname="ISW-GMCC-AA1" failures="1" tests="13" name="Test" time="164.163" errors="0" timestamp="2022-04-11T14:54:37 WAT">
  <testcase classname="apiAutomation.User_Post" name="POJO" time="13.077">
    <failure type="javax.net.ssl.SSLException" message="Couldn&amp;apos;t kickstart handshaking">
      <![CDATA[javax.net.ssl.SSLException: Couldn't kickstart handshaking
at java.base/sun.security.ssl.Alert.createSSLException(Alert.java:127)
at java.base/sun.security.ssl.TransportContext.fatal(TransportContext.java:369)
at java.base/sun.security.ssl.TransportContext.fatal(TransportContext.java:312)
at java.base/sun.security.ssl.SSLSocketImpl.startHandshake(SSLSocketImpl.java:451)
at java.base/sun.security.ssl.SSLSocketImpl.startHandshake(SSLSocketImpl.java:412)
at org.apache.http.conn.ssl.SSLSocketFactory.createLayeredSocket(SSLSocketFactory.java:570)
at org.apache.http.conn.ssl.SSLSocketFactory.connectSocket(SSLSocketFactory.java:554)
at org.apache.http.conn.ssl.SSLSocketFactory.connectSocket(SSLSocketFactory.java:415)
at org.apache.http.impl.conn.DefaultClientConnectionOperator.openConnection(DefaultClientConnectionOperator.java:180)
at org.apache.http.impl.conn.ManagedClientConnectionImpl.open(ManagedClientConnectionImpl.java:326)
at org.apache.http.impl.client.DefaultRequestDirector.tryConnect(DefaultRequestDirector.java:605)
at org.apache.http.impl.client.DefaultRequestDirector.execute(DefaultRequestDirector.java:440)
at org.apache.http.impl.client.AbstractHttpClient.doExecute(AbstractHttpClient.java:835)
at org.apache.http.impl.client.CloseableHttpClient.execute(CloseableHttpClient.java:83)
at org.apache.http.impl.client.CloseableHttpClient.execute(CloseableHttpClient.java:56)
at org.apache.http.client.HttpClient$execute$0.call(Unknown Source)
at org.codehaus.groovy.runtime.callsite.CallSiteArray.defaultCall(CallSiteArray.java:47)
at org.codehaus.groovy.runtime.callsite.AbstractCallSite.call(AbstractCallSite.java:125)
at org.codehaus.groovy.runtime.callsite.AbstractCallSite.call(AbstractCallSite.java:148)
at io.restassured.internal.RequestSpecificationImpl$RestAssuredHttpBuilder.doRequest(RequestSpecificationImpl.groovy:2072)
at io.restassured.internal.http.HTTPBuilder.post(HTTPBuilder.java:350)
at io.restassured.internal.http.HTTPBuilder$post$2.call(Unknown Source)
at org.codehaus.groovy.runtime.callsite.CallSiteArray.defaultCall(CallSiteArray.java:47)
at org.codehaus.groovy.runtime.callsite.AbstractCallSite.call(AbstractCallSite.java:125)
at org.codehaus.groovy.runtime.callsite.AbstractCallSite.call(AbstractCallSite.java:148)
at io.restassured.internal.RequestSpecificationImpl.sendRequest(RequestSpecificationImpl.groovy:1183)
at groovy.lang.MetaMethod.doMethodInvoke(MetaMethod.java:323)
at groovy.lang.MetaClassImpl.invokeMethod(MetaClassImpl.java:1268)
at groovy.lang.MetaClassImpl.invokeMethod(MetaClassImpl.java:1035)
at groovy.lang.MetaClassImpl.invokeMethod(MetaClassImpl.java:819)
at groovy.lang.GroovyObject.invokeMethod(GroovyObject.java:39)
at org.codehaus.groovy.runtime.callsite.PogoInterceptableSite.call(PogoInterceptableSite.java:45)
at org.codehaus.groovy.runtime.callsite.CallSiteArray.defaultCall(CallSiteArray.java:47)
at org.codehaus.groovy.runtime.callsite.AbstractCallSite.call(AbstractCallSite.java:125)
at org.codehaus.groovy.runtime.callsite.AbstractCallSite.call(AbstractCallSite.java:166)
at io.restassured.internal.filter.SendRequestFilter.filter(SendRequestFilter.groovy:30)
at io.restassured.filter.Filter$filter$0.call(Unknown Source)
at org.codehaus.groovy.runtime.callsite.CallSiteArray.defaultCall(CallSiteArray.java:47)
at io.restassured.filter.Filter$filter.call(Unknown Source)
at io.restassured.internal.filter.FilterContextImpl.next(FilterContextImpl.groovy:72)
at io.restassured.filter.time.TimingFilter.filter(TimingFilter.java:56)
at io.restassured.filter.Filter$filter.call(Unknown Source)
at org.codehaus.groovy.runtime.callsite.CallSiteArray.defaultCall(CallSiteArray.java:47)
at io.restassured.filter.Filter$filter.call(Unknown Source)
at io.restassured.internal.filter.FilterContextImpl.next(FilterContextImpl.groovy:72)
at io.restassured.filter.log.RequestLoggingFilter.filter(RequestLoggingFilter.java:140)
at io.restassured.filter.Filter$filter.call(Unknown Source)
at org.codehaus.groovy.runtime.callsite.CallSiteArray.defaultCall(CallSiteArray.java:47)
at org.codehaus.groovy.runtime.callsite.AbstractCallSite.call(AbstractCallSite.java:125)
at org.codehaus.groovy.runtime.callsite.AbstractCallSite.call(AbstractCallSite.java:157)
at io.restassured.internal.filter.FilterContextImpl.next(FilterContextImpl.groovy:72)
at io.restassured.filter.FilterContext$next.call(Unknown Source)
at org.codehaus.groovy.runtime.callsite.CallSiteArray.defaultCall(CallSiteArray.java:47)
at org.codehaus.groovy.runtime.callsite.AbstractCallSite.call(AbstractCallSite.java:125)
at org.codehaus.groovy.runtime.callsite.AbstractCallSite.call(AbstractCallSite.java:148)
at io.restassured.internal.RequestSpecificationImpl.applyPathParamsAndSendRequest(RequestSpecificationImpl.groovy:1672)
at groovy.lang.MetaMethod.doMethodInvoke(MetaMethod.java:323)
at groovy.lang.MetaClassImpl.invokeMethod(MetaClassImpl.java:1268)
at groovy.lang.MetaClassImpl.invokeMethod(MetaClassImpl.java:1035)
at groovy.lang.MetaClassImpl.invokeMethod(MetaClassImpl.java:819)
at groovy.lang.GroovyObject.invokeMethod(GroovyObject.java:39)
at org.codehaus.groovy.runtime.callsite.PogoInterceptableSite.call(PogoInterceptableSite.java:45)
at org.codehaus.groovy.runtime.callsite.PogoInterceptableSite.callCurrent(PogoInterceptableSite.java:55)
at org.codehaus.groovy.runtime.callsite.CallSiteArray.defaultCallCurrent(CallSiteArray.java:51)
at org.codehaus.groovy.runtime.callsite.AbstractCallSite.callCurrent(AbstractCallSite.java:171)
at org.codehaus.groovy.runtime.callsite.AbstractCallSite.callCurrent(AbstractCallSite.java:203)
at io.restassured.internal.RequestSpecificationImpl.applyPathParamsAndSendRequest(RequestSpecificationImpl.groovy:1678)
at groovy.lang.MetaMethod.doMethodInvoke(MetaMethod.java:323)
at groovy.lang.MetaClassImpl.invokeMethod(MetaClassImpl.java:1268)
at groovy.lang.MetaClassImpl.invokeMethod(MetaClassImpl.java:1035)
at groovy.lang.MetaClassImpl.invokeMethod(MetaClassImpl.java:819)
at groovy.lang.GroovyObject.invokeMethod(GroovyObject.java:39)
at org.codehaus.groovy.runtime.callsite.PogoInterceptableSite.call(PogoInterceptableSite.java:45)
at org.codehaus.groovy.runtime.callsite.PogoInterceptableSite.callCurrent(PogoInterceptableSite.java:55)
at org.codehaus.groovy.runtime.callsite.CallSiteArray.defaultCallCurrent(CallSiteArray.java:51)
at org.codehaus.groovy.runtime.callsite.AbstractCallSite.callCurrent(AbstractCallSite.java:171)
at org.codehaus.groovy.runtime.callsite.AbstractCallSite.callCurrent(AbstractCallSite.java:203)
at io.restassured.internal.RequestSpecificationImpl.post(RequestSpecificationImpl.groovy:177)
at io.restassured.internal.RequestSpecificationImpl.post(RequestSpecificationImpl.groovy)
at apiAutomation.User_Post.POJO(User_Post.java:50)
at java.base/java.util.ArrayList.forEach(ArrayList.java:1511)
Suppressed: java.net.SocketException: Connection reset by peer
at java.base/sun.nio.ch.NioSocketImpl.implWrite(NioSocketImpl.java:420)
at java.base/sun.nio.ch.NioSocketImpl.write(NioSocketImpl.java:440)
at java.base/sun.nio.ch.NioSocketImpl$2.write(NioSocketImpl.java:826)
at java.base/java.net.Socket$SocketOutputStream.write(Socket.java:1045)
at java.base/sun.security.ssl.SSLSocketOutputRecord.encodeAlert(SSLSocketOutputRecord.java:82)
at java.base/sun.security.ssl.TransportContext.fatal(TransportContext.java:400)
... 121 more
Caused by: java.net.SocketException: Connection reset by peer
at java.base/sun.nio.ch.NioSocketImpl.implWrite(NioSocketImpl.java:420)
at java.base/sun.nio.ch.NioSocketImpl.write(NioSocketImpl.java:440)
at java.base/sun.nio.ch.NioSocketImpl$2.write(NioSocketImpl.java:826)
at java.base/java.net.Socket$SocketOutputStream.write(Socket.java:1045)
at java.base/sun.security.ssl.SSLSocketOutputRecord.flush(SSLSocketOutputRecord.java:268)
at java.base/sun.security.ssl.HandshakeOutStream.flush(HandshakeOutStream.java:89)
at java.base/sun.security.ssl.ClientHello$ClientHelloKickstartProducer.produce(ClientHello.java:657)
at java.base/sun.security.ssl.SSLHandshake.kickstart(SSLHandshake.java:529)
at java.base/sun.security.ssl.ClientHandshakeContext.kickstart(ClientHandshakeContext.java:107)
at java.base/sun.security.ssl.TransportContext.kickstart(TransportContext.java:249)
at java.base/sun.security.ssl.SSLSocketImpl.startHandshake(SSLSocketImpl.java:434)
... 119 more
... Removed 42 stack frames]]>
    </failure>
  </testcase> <!-- POJO -->
  <testcase classname="apiAutomation.User_Post" name="POJO" time="1.851"/>
  <testcase classname="apiAutomation.User_Post" name="post_user" time="1.998"/>
  <testcase classname="apiAutomation.User_Post" name="post_user" time="0.77"/>
  <testcase classname="test.SelectSamsungSecondHighestPricedItem" name="gotoTheHambugerPage" time="4.156"/>
  <testcase classname="test.SelectSamsungSecondHighestPricedItem" name="selectTvAndAppliances" time="4.274"/>
  <testcase classname="test.SelectSamsungSecondHighestPricedItem" name="selecttelevisonlink" time="23.478"/>
  <testcase classname="test.SelectSamsungSecondHighestPricedItem" name="verifybrand" time="4.143"/>
  <testcase classname="test.SelectSamsungSecondHighestPricedItem" name="clicksamsungcheckbox" time="3.944"/>
  <testcase classname="test.SelectSamsungSecondHighestPricedItem" name="sortbyHightoLow" time="8.176"/>
  <testcase classname="test.SelectSamsungSecondHighestPricedItem" name="selectSecondItem" time="4.705"/>
  <testcase classname="test.SelectSamsungSecondHighestPricedItem" name="switchwindow" time="21.05"/>
  <testcase classname="test.SelectSamsungSecondHighestPricedItem" name="selectedOption" time="7.177"/>
</testsuite> <!-- Test -->
