<?xml version="1.0" encoding="UTF-8"?>
<!-- Generated by org.testng.reporters.JUnitXMLReporter -->
<testsuite ignored="0" hostname="ISW-GMCC-AA1" failures="0" tests="13" name="Test" time="260.265" errors="0" timestamp="2022-04-10T23:19:41 WAT">
  <testcase classname="apiAutomation.User_Post" name="POJO" time="4.682"/>
  <testcase classname="apiAutomation.User_Post" name="POJO" time="0.78"/>
  <testcase classname="apiAutomation.User_Post" name="post_user" time="1.394"/>
  <testcase classname="apiAutomation.User_Post" name="post_user" time="1.615"/>
  <testcase classname="test.SelectSamsungSecondHighestPricedItem" name="gotoTheHambugerPage" time="4.022"/>
  <testcase classname="test.SelectSamsungSecondHighestPricedItem" name="selectTvAndAppliances" time="3.228"/>
  <testcase classname="test.SelectSamsungSecondHighestPricedItem" name="selecttelevisonlink" time="96.51"/>
  <testcase classname="test.SelectSamsungSecondHighestPricedItem" name="verifybrand" time="4.126"/>
  <testcase classname="test.SelectSamsungSecondHighestPricedItem" name="clicksamsungcheckbox" time="14.952"/>
  <testcase classname="test.SelectSamsungSecondHighestPricedItem" name="sortbyHightoLow" time="13.187"/>
  <testcase classname="test.SelectSamsungSecondHighestPricedItem" name="selectSecondItem" time="0.528"/>
  <testcase classname="test.SelectSamsungSecondHighestPricedItem" name="switchwindow" time="46.063"/>
  <testcase classname="test.SelectSamsungSecondHighestPricedItem" name="selectedOption" time="0.641"/>
</testsuite> <!-- Test -->
