<?xml version="1.0" encoding="UTF-8"?>
<testng-results ignored="0" total="9" passed="9" failed="0" skipped="0">
  <reporter-output>
  </reporter-output>
  <suite started-at="2022-04-11T15:02:53 WAT" name="Default suite" finished-at="2022-04-11T15:05:17 WAT" duration-ms="144564">
    <groups>
    </groups>
    <test started-at="2022-04-11T15:02:53 WAT" name="Default test" finished-at="2022-04-11T15:05:17 WAT" duration-ms="144564">
      <class name="test.SelectSamsungSecondHighestPricedItem">
        <test-method is-config="true" signature="setUp()[pri:0, instance:test.SelectSamsungSecondHighestPricedItem@5ab956d7]" started-at="2022-04-11T15:02:53 WAT" name="setUp" finished-at="2022-04-11T15:03:46 WAT" duration-ms="52892" status="PASS">
          <reporter-output>
          </reporter-output>
        </test-method> <!-- setUp -->
        <test-method signature="gotoTheHambugerPage()[pri:1, instance:test.SelectSamsungSecondHighestPricedItem@5ab956d7]" started-at="2022-04-11T15:03:46 WAT" name="gotoTheHambugerPage" finished-at="2022-04-11T15:03:53 WAT" duration-ms="7063" status="PASS">
          <reporter-output>
          </reporter-output>
        </test-method> <!-- gotoTheHambugerPage -->
        <test-method signature="selectTvAndAppliances()[pri:2, instance:test.SelectSamsungSecondHighestPricedItem@5ab956d7]" started-at="2022-04-11T15:03:53 WAT" name="selectTvAndAppliances" finished-at="2022-04-11T15:03:56 WAT" duration-ms="3224" status="PASS">
          <reporter-output>
          </reporter-output>
        </test-method> <!-- selectTvAndAppliances -->
        <test-method signature="selecttelevisonlink()[pri:3, instance:test.SelectSamsungSecondHighestPricedItem@5ab956d7]" started-at="2022-04-11T15:03:56 WAT" name="selecttelevisonlink" finished-at="2022-04-11T15:04:25 WAT" duration-ms="28779" status="PASS">
          <reporter-output>
          </reporter-output>
        </test-method> <!-- selecttelevisonlink -->
        <test-method signature="verifybrand()[pri:4, instance:test.SelectSamsungSecondHighestPricedItem@5ab956d7]" started-at="2022-04-11T15:04:25 WAT" name="verifybrand" finished-at="2022-04-11T15:04:29 WAT" duration-ms="4133" status="PASS">
          <reporter-output>
          </reporter-output>
        </test-method> <!-- verifybrand -->
        <test-method signature="clicksamsungcheckbox()[pri:5, instance:test.SelectSamsungSecondHighestPricedItem@5ab956d7]" started-at="2022-04-11T15:04:29 WAT" name="clicksamsungcheckbox" finished-at="2022-04-11T15:04:37 WAT" duration-ms="7716" status="PASS">
          <reporter-output>
          </reporter-output>
        </test-method> <!-- clicksamsungcheckbox -->
        <test-method signature="sortbyHightoLow()[pri:6, instance:test.SelectSamsungSecondHighestPricedItem@5ab956d7]" started-at="2022-04-11T15:04:37 WAT" name="sortbyHightoLow" finished-at="2022-04-11T15:04:45 WAT" duration-ms="8814" status="PASS">
          <reporter-output>
          </reporter-output>
        </test-method> <!-- sortbyHightoLow -->
        <test-method signature="selectSecondItem()[pri:7, instance:test.SelectSamsungSecondHighestPricedItem@5ab956d7]" started-at="2022-04-11T15:04:45 WAT" name="selectSecondItem" finished-at="2022-04-11T15:04:49 WAT" duration-ms="3494" status="PASS">
          <reporter-output>
          </reporter-output>
        </test-method> <!-- selectSecondItem -->
        <test-method signature="switchwindow()[pri:8, instance:test.SelectSamsungSecondHighestPricedItem@5ab956d7]" started-at="2022-04-11T15:04:49 WAT" name="switchwindow" finished-at="2022-04-11T15:05:03 WAT" duration-ms="14422" status="PASS">
          <reporter-output>
          </reporter-output>
        </test-method> <!-- switchwindow -->
        <test-method signature="selectedOption()[pri:9, instance:test.SelectSamsungSecondHighestPricedItem@5ab956d7]" started-at="2022-04-11T15:05:03 WAT" name="selectedOption" finished-at="2022-04-11T15:05:10 WAT" duration-ms="6330" status="PASS">
          <reporter-output>
          </reporter-output>
        </test-method> <!-- selectedOption -->
        <test-method is-config="true" signature="close()[pri:0, instance:test.SelectSamsungSecondHighestPricedItem@5ab956d7]" started-at="2022-04-11T15:05:10 WAT" name="close" finished-at="2022-04-11T15:05:17 WAT" duration-ms="7564" status="PASS">
          <reporter-output>
          </reporter-output>
        </test-method> <!-- close -->
      </class> <!-- test.SelectSamsungSecondHighestPricedItem -->
    </test> <!-- Default test -->
  </suite> <!-- Default suite -->
</testng-results>
